Scenario - ProgCode3_Eyetracking
Logfile written - 12/06/2017 09:13:31

Subject	Trial	Event Type	Code	Time	TTime	Uncertainty	Duration	Uncertainty	ReqTime	ReqDur	Stim Type	Pair Index

p01	1	Picture	Instruct	9044542	0	1	19326	1	0	next	other	0
p01	1	Response	1	9063711	19168	1
p01	2	Picture	WARTEN	9063869	0	1	677587	1	0	next	other	0
p01	2	Pulse	30	9739102	675234	0
p01	3	Picture	arrayAverageTD_B	9741455	0	1	300057	1	0	next	other	0
p01	3	Pulse	30	9759102	17646	0
p01	3	Pulse	30	9779101	37646	0
p01	3	Pulse	30	9799101	57646	0
p01	3	Pulse	30	9819101	77646	0
p01	3	Pulse	30	9839101	97645	0
p01	3	Pulse	30	9859100	117645	0
p01	3	Pulse	30	9879100	137645	0
p01	3	Pulse	30	9899100	157645	0
p01	3	Pulse	30	9919100	177645	0
p01	3	Pulse	30	9939100	197644	0
p01	3	Pulse	30	9959099	217644	0
p01	3	Response	1	9965459	224004	1
p01	3	Pulse	30	9979099	237644	0
p01	3	Pulse	30	9999099	257644	0
p01	3	Pulse	30	10019099	277643	0
p01	3	Pulse	30	10039099	297643	0
p01	4	Picture	LastResponseCondition	10041512	0	1	20159	1	0	next	other	0
p01	4	Pulse	30	10059098	17585	0
p01	5	Picture	D2_0	10061672	0	1	150112	1	0	150000	other	0
p01	5	Response	2	10078698	17026	1
p01	5	Pulse	30	10079097	17426	0
p01	5	Response	2	10085597	23926	1
p01	5	Response	2	10093717	32046	1
p01	5	Pulse	30	10099097	37425	0
p01	5	Response	2	10100417	38745	1
p01	5	Response	2	10107077	45406	1
p01	5	Response	2	10114317	52646	1
p01	5	Pulse	30	10119097	57425	0
p01	5	Response	2	10120927	59255	1
p01	5	Response	1	10126997	65325	1
p01	5	Response	2	10135897	74225	1
p01	5	Pulse	30	10139097	77425	0
p01	5	Response	1	10143237	81565	1
p01	5	Response	1	10151087	89415	1
p01	5	Pulse	30	10159097	97425	0
p01	5	Response	1	10160916	99245	1
p01	5	Response	2	10170106	108435	1
p01	5	Response	2	10176516	114845	1
p01	5	Pulse	30	10179096	117424	0
p01	5	Response	1	10183226	121554	1
p01	5	Response	1	10192966	131294	1
p01	5	Pulse	30	10199096	137424	0
p01	5	Response	2	10199576	137904	1
p01	5	Response	2	10208476	146804	1
p01	6	Picture	RestCondition	10211950	0	1	200094	1	0	next	other	0
p01	6	Pulse	30	10219096	7146	0
p01	6	Pulse	30	10239096	27145	0
p01	6	Pulse	30	10259096	47145	0
p01	6	Pulse	30	10279096	67145	0
p01	6	Pulse	30	10299095	87145	0
p01	6	Pulse	30	10319095	107145	0
p01	6	Pulse	30	10339094	127144	0
p01	6	Pulse	30	10359094	147144	0
p01	6	Pulse	30	10379094	167144	0
p01	6	Pulse	30	10399094	187144	0
p01	7	Picture	BinaryToDecimal	10414710	0	1	300057	1	0	next	other	0
p01	7	Pulse	30	10419094	4384	0
p01	7	Pulse	30	10439093	24384	0
p01	7	Pulse	30	10459093	44383	0
p01	7	Pulse	30	10479093	64383	0
p01	7	Pulse	30	10499093	84383	0
p01	7	Pulse	30	10519092	104383	0
p01	7	Pulse	30	10539092	124382	0
p01	7	Pulse	30	10559092	144382	0
p01	7	Pulse	30	10579092	164382	0
p01	7	Pulse	30	10599091	184382	0
p01	7	Pulse	30	10619091	204381	0
p01	7	Pulse	30	10639091	224381	0
p01	7	Pulse	30	10659091	244381	0
p01	7	Pulse	30	10679090	264381	0
p01	7	Pulse	30	10699090	284380	0
p01	8	Picture	LastResponseCondition	10714767	0	1	20159	1	0	next	other	0
p01	8	Pulse	30	10719090	4323	0
p01	8	Response	2	10725750	10983	1
p01	9	Picture	D2_1	10734926	0	1	150112	1	0	150000	other	0
p01	9	Pulse	30	10739090	4164	0
p01	9	Response	2	10752929	18003	1
p01	9	Response	1	10758829	23903	1
p01	9	Pulse	30	10759089	24163	0
p01	9	Response	2	10770049	35123	1
p01	9	Response	2	10776119	41193	1
p01	9	Pulse	30	10779089	44162	0
p01	9	Response	2	10781339	46412	1
p01	9	Response	1	10788889	53962	1
p01	9	Pulse	30	10799089	64162	0
p01	9	Response	1	10799129	64202	1
p01	9	Response	2	10806299	71372	1
p01	9	Response	2	10815159	80232	1
p01	9	Pulse	30	10819088	84162	0
p01	9	Response	2	10824578	89652	1
p01	9	Response	2	10833038	98112	1
p01	9	Pulse	30	10839088	104162	0
p01	9	Response	2	10840398	105472	1
p01	9	Response	2	10845948	111022	1
p01	9	Response	2	10852708	117782	1
p01	9	Response	2	10858338	123412	1
p01	9	Pulse	30	10859088	124162	0
p01	9	Response	2	10865098	130171	1
p01	9	Response	1	10871648	136721	1
p01	9	Response	2	10878828	143901	1
p01	9	Pulse	30	10879088	144161	0
p01	10	Picture	RestCondition	10885039	0	1	200094	1	0	next	other	0
p01	10	Pulse	30	10899088	14049	0
p01	10	Pulse	30	10919087	34049	0
p01	10	Pulse	30	10939087	54049	0
p01	10	Pulse	30	10959087	74049	0
p01	10	Pulse	30	10979087	94048	0
p01	10	Pulse	30	10999087	114048	0
p01	10	Pulse	30	11019086	134048	0
p01	10	Pulse	30	11039086	154048	0
p01	10	Pulse	30	11059086	174047	0
p01	10	Pulse	30	11079086	194047	0
p01	11	Picture	containsSubstringTD_N	11087965	0	1	300057	1	0	next	other	0
p01	11	Pulse	30	11099085	11121	0
p01	11	Pulse	30	11119085	31121	0
p01	11	Pulse	30	11139085	51120	0
p01	11	Pulse	30	11159085	71120	0
p01	11	Pulse	30	11179084	91120	0
p01	11	Pulse	30	11199085	111121	0
p01	11	Pulse	30	11219084	131119	0
p01	11	Pulse	30	11239084	151119	0
p01	11	Pulse	30	11259083	171119	0
p01	11	Pulse	30	11279083	191119	0
p01	11	Pulse	30	11299083	211118	0
p01	11	Pulse	30	11319083	231119	0
p01	11	Pulse	30	11339083	251118	0
p01	11	Pulse	30	11359082	271118	0
p01	11	Response	1	11367392	279428	1
p01	11	Pulse	30	11379082	291117	0
p01	12	Picture	LastResponseCondition	11388022	0	1	20159	1	0	next	other	0
p01	12	Pulse	30	11399082	11060	0
p01	13	Picture	D2_2	11408181	0	1	150112	1	0	150000	other	0
p01	13	Pulse	30	11419082	10901	0
p01	13	Response	2	11420691	12510	1
p01	13	Response	2	11426441	18260	1
p01	13	Response	2	11432551	24370	1
p01	13	Response	2	11437481	29300	1
p01	13	Pulse	30	11439081	30900	0
p01	13	Response	1	11444121	35940	1
p01	13	Response	1	11450161	41980	1
p01	13	Response	2	11455251	47070	1
p01	13	Pulse	30	11459081	50900	0
p01	13	Response	1	11462311	54130	1
p01	13	Response	2	11471761	63580	1
p01	13	Response	2	11477641	69459	1
p01	13	Pulse	30	11479081	70900	0
p01	13	Response	2	11483080	74899	1
p01	13	Response	2	11488211	80029	1
p01	13	Response	1	11493830	85649	1
p01	13	Response	2	11499071	90889	1
p01	13	Pulse	30	11499090	90909	0
p01	13	Response	2	11505560	97379	1
p01	13	Response	2	11512441	104260	1
p01	13	Response	2	11517700	109519	1
p01	13	Pulse	30	11519080	110899	0
p01	13	Response	2	11522880	114699	1
p01	13	Response	2	11531160	122979	1
p01	13	Response	1	11536570	128389	1
p01	13	Pulse	30	11539080	130899	0
p01	14	Picture	RestCondition	11558293	0	1	200094	1	0	next	other	0
p01	14	Pulse	30	11559080	787	0
p01	14	Pulse	30	11579080	20787	0
p01	14	Pulse	30	11599079	40786	0
p01	14	Pulse	30	11619079	60786	0
p01	14	Pulse	30	11639079	80786	0
p01	14	Pulse	30	11659079	100785	0
p01	14	Pulse	30	11679078	120785	0
p01	14	Pulse	30	11699078	140785	0
p01	14	Pulse	30	11719078	160785	0
p01	14	Pulse	30	11739078	180785	0
p01	14	Pulse	30	11759077	200784	0
p01	15	Picture	reverseWordTD_U	11761053	0	1	300057	1	0	next	other	0
p01	15	Pulse	30	11779077	18025	0
p01	15	Pulse	30	11799077	38024	0
p01	15	Pulse	30	11819077	58024	0
p01	15	Pulse	30	11839076	78024	0
p01	15	Pulse	30	11859076	98024	0
p01	15	Pulse	30	11879076	118023	0
p01	15	Pulse	30	11899076	138023	0
p01	15	Response	1	11904175	143123	1
p01	15	Pulse	30	11919075	158023	0
p01	15	Pulse	30	11939076	178023	0
p01	15	Pulse	30	11959075	198023	0
p01	15	Pulse	30	11979075	218022	0
p01	15	Pulse	30	11999075	238022	0
p01	15	Pulse	30	12019074	258022	0
p01	15	Pulse	30	12039074	278021	0
p01	15	Pulse	30	12059074	298021	0
p01	16	Picture	LastResponseCondition	12061110	0	1	20159	1	0	next	other	0
p01	16	Pulse	30	12079074	17964	0
p01	17	Picture	D2_3	12081269	0	1	150112	1	0	150000	other	0
p01	17	Pulse	30	12099073	17804	0
p01	17	Response	2	12100733	19464	1
p01	17	Response	2	12106463	25194	1
p01	17	Response	1	12111723	30454	1
p01	17	Response	1	12117863	36594	1
p01	17	Pulse	30	12119073	37804	0
p01	17	Response	2	12122513	41244	1
p01	17	Response	2	12128613	47344	1
p01	17	Response	2	12132913	51643	1
p01	17	Response	2	12137903	56634	1
p01	17	Pulse	30	12139073	57804	0
p01	17	Response	2	12144943	63674	1
p01	17	Response	2	12149653	68383	1
p01	17	Pulse	30	12159073	77803	0
p01	17	Response	2	12163122	81853	1
p01	17	Response	2	12167352	86083	1
p01	17	Response	2	12171642	90373	1
p01	17	Response	1	12176102	94833	1
p01	17	Pulse	30	12179072	97803	0
p01	17	Response	2	12180142	98873	1
p01	17	Response	2	12187072	105803	1
p01	17	Response	1	12189352	108083	1
p01	17	Response	1	12194272	113003	1
p01	17	Pulse	30	12199072	117803	0
p01	17	Response	2	12199692	118423	1
p01	17	Response	2	12205662	124393	1
p01	17	Response	2	12212822	131553	1
p01	17	Pulse	30	12219072	137802	0
p01	18	Picture	RestCondition	12231548	0	1	200094	1	0	next	other	0
p01	18	Pulse	30	12239072	7524	0
p01	18	Pulse	30	12259071	27523	0
p01	18	Pulse	30	12279072	47524	0
p01	18	Pulse	30	12299071	67523	0
p01	18	Pulse	30	12319071	87523	0
p01	18	Pulse	30	12339070	107523	0
p01	18	Pulse	30	12359070	127522	0
p01	18	Pulse	30	12379070	147522	0
p01	18	Pulse	30	12399070	167522	0
p01	18	Pulse	30	12419069	187522	0
p01	19	Picture	bubbleSortSY	12434307	0	1	300057	1	0	next	other	0
p01	19	Pulse	30	12439069	4762	0
p01	19	Pulse	30	12459069	24762	0
p01	19	Pulse	30	12479069	44761	0
p01	19	Pulse	30	12499069	64761	0
p01	19	Pulse	30	12519068	84761	0
p01	19	Pulse	30	12539068	104761	0
p01	19	Response	1	12555098	120790	1
p01	19	Pulse	30	12559068	124760	0
p01	19	Pulse	30	12579068	144760	0
p01	19	Pulse	30	12599067	164760	0
p01	19	Pulse	30	12619067	184760	0
p01	19	Response	1	12621677	187370	1
p01	19	Pulse	30	12639067	204759	0
p01	19	Pulse	30	12659067	224759	0
p01	19	Response	1	12666176	231869	1
p01	19	Pulse	30	12679066	244759	0
p01	19	Pulse	30	12699066	264759	0
p01	19	Pulse	30	12719066	284759	0
p01	20	Picture	LastResponseCondition	12734365	0	1	20159	1	0	next	other	0
p01	20	Pulse	30	12739066	4701	0
p01	21	Picture	D2_4	12754524	0	1	150112	1	0	150000	other	0
p01	21	Pulse	30	12759065	4541	0
p01	21	Response	2	12770045	15521	1
p01	21	Response	2	12776655	22131	1
p01	21	Pulse	30	12779065	24541	0
p01	21	Response	2	12783365	28841	1
p01	21	Response	1	12789475	34951	1
p01	21	Response	2	12795735	41211	1
p01	21	Pulse	30	12799065	44541	0
p01	21	Response	2	12805514	50991	1
p01	21	Response	2	12811104	56580	1
p01	21	Pulse	30	12819064	64540	0
p01	21	Response	2	12819294	64770	1
p01	21	Response	2	12825164	70640	1
p01	21	Response	2	12829434	74910	1
p01	21	Response	2	12836374	81850	1
p01	21	Pulse	30	12839064	84540	0
p01	21	Response	2	12841484	86960	1
p01	21	Response	2	12846254	91730	1
p01	21	Response	2	12851444	96920	1
p01	21	Response	1	12857324	102800	1
p01	21	Pulse	30	12859064	104540	0
p01	21	Response	1	12863894	109370	1
p01	21	Response	2	12872124	117600	1
p01	21	Pulse	30	12879064	124540	0
p01	21	Response	2	12885654	131130	1
p01	21	Response	2	12889824	135300	1
p01	21	Response	2	12893964	139440	1
p01	21	Pulse	30	12899064	144540	0
p01	22	Picture	RestCondition	12904636	0	1	200094	1	0	next	other	0
p01	22	Pulse	30	12919064	14428	0
p01	22	Pulse	30	12939063	34428	0
p01	22	Pulse	30	12959063	54427	0
p01	22	Pulse	30	12979063	74427	0
p01	22	Pulse	30	12999062	94427	0
p01	22	Pulse	30	13019062	114426	0
p01	22	Pulse	30	13039062	134426	0
p01	22	Pulse	30	13059062	154426	0
p01	22	Pulse	30	13079062	174426	0
p01	22	Pulse	30	13099061	194425	0
p01	23	Picture	powerTD_B	13107395	0	1	300057	1	0	next	other	0
p01	23	Pulse	30	13119061	11666	0
p01	23	Pulse	30	13139061	31665	0
p01	23	Pulse	30	13159060	51665	0
p01	23	Pulse	30	13179060	71665	0
p01	23	Pulse	30	13199060	91665	0
p01	23	Pulse	30	13219060	111665	0
p01	23	Pulse	30	13239060	131664	0
p01	23	Response	1	13240549	133154	1
p01	23	Pulse	30	13259059	151664	0
p01	23	Pulse	30	13279059	171664	0
p01	23	Pulse	30	13299059	191663	0
p01	23	Pulse	30	13319059	211663	0
p01	23	Pulse	30	13339058	231663	0
p01	23	Pulse	30	13359058	251663	0
p01	23	Pulse	30	13379058	271662	0
p01	23	Pulse	30	13399058	291662	0
p01	24	Picture	LastResponseCondition	13407453	0	1	20159	1	0	next	other	0
p01	24	Pulse	30	13419057	11605	0
p01	25	Picture	D2_5	13427612	0	1	150112	1	0	150000	other	0
p01	25	Pulse	30	13439057	11445	0
p01	25	Response	2	13443937	16325	1
p01	25	Response	2	13448787	21175	1
p01	25	Response	2	13453577	25965	1
p01	25	Response	2	13458707	31095	1
p01	25	Pulse	30	13459057	31445	0
p01	25	Response	1	13464877	37265	1
p01	25	Response	2	13476087	48474	1
p01	25	Pulse	30	13479056	51444	0
p01	25	Response	2	13480326	52714	1
p01	25	Response	2	13485446	57834	1
p01	25	Response	2	13489566	61954	1
p01	25	Response	2	13493776	66164	1
p01	25	Pulse	30	13499056	71444	0
p01	25	Response	2	13501806	74194	1
p01	25	Response	2	13506236	78624	1
p01	25	Response	2	13512146	84534	1
p01	25	Pulse	30	13519056	91444	0
p01	25	Response	2	13519486	91874	1
p01	25	Response	2	13523966	96354	1
p01	25	Response	1	13530736	103124	1
p01	25	Response	1	13537786	110174	1
p01	25	Pulse	30	13539056	111444	0
p01	25	Response	2	13545656	118044	1
p01	25	Response	1	13552596	124983	1
p01	25	Response	2	13558675	131063	1
p01	25	Pulse	30	13559056	131444	0
p01	26	Picture	RestCondition	13577724	0	1	200094	1	0	next	other	0
p01	26	Pulse	30	13579055	1331	0
p01	26	Pulse	30	13599055	21331	0
p01	26	Pulse	30	13619055	41331	0
p01	26	Pulse	30	13639055	61331	0
p01	26	Pulse	30	13659054	81330	0
p01	26	Pulse	30	13679054	101330	0
p01	26	Pulse	30	13699054	121330	0
p01	26	Pulse	30	13719054	141330	0
p01	26	Pulse	30	13739054	161330	0
p01	26	Pulse	30	13759053	181329	0
p01	26	Pulse	30	13778953	201229	100
p01	27	Picture	Factorial	13780483	0	1	300057	1	0	next	other	0
p01	27	Pulse	30	13799053	18569	0
p01	27	Pulse	30	13819053	38569	0
p01	27	Pulse	30	13839052	58569	0
p01	27	Pulse	30	13859052	78569	0
p01	27	Pulse	30	13879052	98568	0
p01	27	Pulse	30	13899052	118568	0
p01	27	Pulse	30	13919051	138568	0
p01	27	Pulse	30	13939051	158568	1
p01	27	Response	1	13948371	167887	1
p01	27	Pulse	30	13959051	178568	0
p01	27	Pulse	30	13979051	198567	0
p01	27	Pulse	30	13999050	218567	0
p01	27	Pulse	30	14019050	238567	0
p01	27	Pulse	30	14039050	258567	0
p01	27	Pulse	30	14059050	278566	0
p01	27	Pulse	30	14079049	298566	0
p01	28	Picture	LastResponseCondition	14080541	0	1	20159	1	0	next	other	0
p01	28	Pulse	30	14099049	18509	0
p01	29	Picture	D2_6	14100700	0	1	150112	1	0	150000	other	0
p01	29	Response	1	14114139	13439	1
p01	29	Pulse	30	14119049	18349	0
p01	29	Response	2	14121379	20679	1
p01	29	Response	1	14127039	26338	1
p01	29	Response	1	14132499	31799	1
p01	29	Response	2	14137298	36598	1
p01	29	Pulse	30	14139048	38348	0
p01	29	Response	1	14144278	43578	1
p01	29	Response	2	14153718	53018	1
p01	29	Response	1	14158978	58278	1
p01	29	Pulse	30	14159048	58348	0
p01	29	Response	2	14165288	64588	1
p01	29	Response	1	14172138	71438	1
p01	29	Pulse	30	14179048	78348	0
p01	29	Response	2	14180058	79358	1
p01	29	Response	2	14187378	86678	1
p01	29	Response	1	14193188	92488	1
p01	29	Pulse	30	14199048	98348	0
p01	29	Response	2	14199148	98448	1
p01	29	Response	1	14205638	104938	1
p01	29	Response	2	14211238	110537	1
p01	29	Response	2	14216948	116248	1
p01	29	Pulse	30	14219048	118348	0
p01	29	Response	1	14223057	122357	1
p01	29	Response	2	14232058	131357	1
p01	29	Pulse	30	14239047	138347	0
p01	29	Response	1	14239757	139057	1
p01	30	Picture	RestCondition	14250812	0	1	200094	1	0	next	other	0
p01	30	Pulse	30	14259047	8235	0
p01	30	Pulse	30	14279047	28235	0
p01	30	Pulse	30	14299047	48235	0
p01	30	Pulse	30	14319047	68234	0
p01	30	Pulse	30	14339046	88234	0
p01	30	Pulse	30	14359046	108234	0
p01	30	Pulse	30	14379046	128234	0
p01	30	Pulse	30	14399046	148234	0
p01	30	Pulse	30	14419045	168233	0
p01	30	Pulse	30	14439045	188233	0
p01	31	Picture	countSameCharsAtSamePositionTD_N	14453905	0	1	300057	1	0	next	other	0
p01	31	Pulse	30	14459045	5140	0
p01	31	Pulse	30	14479045	25140	0
p01	31	Pulse	30	14499044	45140	0
p01	31	Pulse	30	14519044	65139	0
p01	31	Pulse	30	14539043	85139	0
p01	31	Pulse	30	14559044	105139	0
p01	31	Pulse	30	14579043	125139	0
p01	31	Pulse	30	14599043	145138	0
p01	31	Pulse	30	14619043	165138	0
p01	31	Pulse	30	14639043	185138	0
p01	31	Pulse	30	14659042	205138	0
p01	31	Pulse	30	14679042	225137	0
p01	31	Response	1	14694852	240947	1
p01	31	Pulse	30	14699042	245137	0
p01	31	Pulse	30	14719032	265127	1
p01	31	Pulse	30	14739031	285127	0
p01	32	Picture	LastResponseCondition	14753962	0	1	20159	1	0	next	other	0
p01	32	Pulse	30	14759031	5069	0
p01	33	Picture	D2_7	14774121	0	1	150112	1	0	150000	other	0
p01	33	Pulse	30	14779031	4910	0
p01	33	Response	2	14784651	10529	1
p01	33	Response	2	14791571	17449	1
p01	33	Response	2	14796560	22439	1
p01	33	Pulse	30	14799031	24909	0
p01	33	Response	2	14800990	26869	1
p01	33	Response	2	14804661	30539	1
p01	33	Response	2	14810850	36729	1
p01	33	Response	2	14815230	41109	1
p01	33	Pulse	30	14819030	44909	0
p01	33	Response	2	14820480	46359	1
p01	33	Response	2	14825830	51709	1
p01	33	Response	2	14832240	58119	1
p01	33	Pulse	30	14839030	64909	0
p01	33	Response	1	14842520	68399	1
p01	33	Response	1	14849160	75039	1
p01	33	Response	2	14856540	82418	1
p01	33	Pulse	30	14859030	84908	0
p01	33	Response	2	14862210	88088	1
p01	33	Response	2	14869370	95248	1
p01	33	Response	2	14878130	104008	1
p01	33	Pulse	30	14879029	104908	0
p01	33	Response	2	14882629	108508	1
p01	33	Response	2	14887289	113168	1
p01	33	Response	2	14891619	117498	1
p01	33	Response	1	14895439	121318	1
p01	33	Pulse	30	14899029	124908	0
p01	33	Pulse	30	14919029	144908	0
p01	34	Picture	RestCondition	14924400	0	1	200094	1	0	next	other	0
p01	34	Pulse	30	14939029	14629	0
p01	34	Pulse	30	14959029	34629	0
p01	34	Pulse	30	14979029	54629	0
p01	34	Pulse	30	14999028	74628	0
p01	34	Pulse	30	15019028	94628	0
p01	34	Pulse	30	15039028	114628	0
p01	34	Pulse	30	15059028	134628	0
p01	34	Pulse	30	15079027	154627	0
p01	34	Pulse	30	15099027	174627	0
p01	34	Pulse	30	15119027	194627	0
p01	35	Picture	crossSumTD_U	15127326	0	1	300057	1	0	next	other	0
p01	35	Pulse	30	15139027	11701	0
p01	35	Pulse	30	15159026	31700	0
p01	35	Pulse	30	15179026	51700	0
p01	35	Pulse	30	15199026	71700	0
p01	35	Pulse	30	15219026	91700	0
p01	35	Pulse	30	15239025	111699	0
p01	35	Pulse	30	15259025	131699	0
p01	35	Response	1	15276665	149339	1
p01	35	Pulse	30	15279025	151699	0
p01	35	Pulse	30	15299025	171699	0
p01	35	Pulse	30	15319025	191699	0
p01	35	Pulse	30	15339025	211698	0
p01	35	Pulse	30	15359024	231698	0
p01	35	Pulse	30	15379024	251698	0
p01	35	Pulse	30	15399023	271697	0
p01	35	Pulse	30	15419023	291697	0
p01	36	Picture	LastResponseCondition	15427383	0	1	20159	1	0	next	other	0
p01	36	Pulse	30	15439023	11640	0
p01	37	Picture	D2_8	15447543	0	1	150112	1	0	150000	other	0
p01	37	Response	1	15458953	11410	1
p01	37	Pulse	30	15459022	11480	0
p01	37	Response	2	15465313	17770	1
p01	37	Response	2	15470872	23330	1
p01	37	Response	2	15476352	28810	1
p01	37	Pulse	30	15479022	31480	0
p01	37	Response	2	15482092	34549	1
p01	37	Response	2	15487402	39860	1
p01	37	Response	2	15491972	44429	1
p01	37	Response	2	15496302	48759	1
p01	37	Pulse	30	15499022	51479	0
p01	37	Response	2	15501132	53589	1
p01	37	Response	2	15506192	58649	1
p01	37	Response	2	15518622	71079	1
p01	37	Pulse	30	15519022	71479	0
p01	37	Response	2	15522452	74909	1
p01	37	Response	2	15527032	79489	1
p01	37	Response	2	15534522	86979	1
p01	37	Response	2	15538352	90809	1
p01	37	Pulse	30	15539022	91479	0
p01	37	Response	2	15544821	97279	1
p01	37	Response	2	15550771	103229	1
p01	37	Response	2	15556321	108779	1
p01	37	Pulse	30	15559021	111479	0
p01	37	Response	2	15563091	115549	1
p01	37	Response	1	15565901	118359	1
p01	37	Pulse	30	15579021	131479	0
p01	38	Picture	RestCondition	15597655	0	1	200094	1	0	next	other	0
p01	38	Pulse	30	15599021	1366	0
p01	38	Pulse	30	15619021	21366	0
p01	38	Pulse	30	15639021	41366	0
p01	38	Pulse	30	15659020	61366	0
p01	38	Pulse	30	15679020	81366	0
p01	38	Pulse	30	15699020	101365	0
p01	38	Pulse	30	15719020	121365	0
p01	38	Pulse	30	15739020	141365	0
p01	38	Pulse	30	15759019	161365	0
p01	38	Pulse	30	15779019	181364	0
p01	38	Pulse	30	15798918	201264	101
p01	39	Picture	IsPrimeNumberSY	15800581	0	1	300057	1	0	next	other	0
p01	39	Pulse	30	15819018	18438	0
p01	39	Pulse	30	15839018	38437	0
p01	39	Response	1	15853098	52517	1
p01	39	Pulse	30	15859018	58437	1
p01	39	Response	1	15866418	65837	1
p01	39	Pulse	30	15879018	78437	0
p01	39	Pulse	30	15899017	98437	0
p01	39	Response	1	15907807	107227	1
p01	39	Pulse	30	15919017	118436	0
p01	39	Pulse	30	15939017	138436	0
p01	39	Pulse	30	15959018	158437	0
p01	39	Pulse	30	15979017	178436	0
p01	39	Pulse	30	15999016	198436	0
p01	39	Pulse	30	16019016	218435	0
p01	39	Pulse	30	16039016	238435	0
p01	39	Pulse	30	16059016	258435	0
p01	39	Pulse	30	16079015	278435	0
p01	39	Pulse	30	16099015	298434	0
p01	40	Picture	LastResponseCondition	16100638	0	1	20159	1	0	next	other	0
p01	40	Pulse	30	16119015	18377	0
p01	41	Picture	D2_9	16120797	0	1	150112	1	0	150000	other	0
p01	41	Response	2	16132415	11617	1
p01	41	Response	1	16137314	16517	1
p01	41	Pulse	30	16139014	18217	0
p01	41	Response	2	16148444	27647	1
p01	41	Response	2	16153574	32777	1
p01	41	Response	2	16157644	36847	1
p01	41	Pulse	30	16159014	38217	0
p01	41	Response	2	16163764	42967	1
p01	41	Response	2	16168574	47777	1
p01	41	Response	2	16174084	53287	1
p01	41	Pulse	30	16179014	58217	0
p01	41	Response	2	16180204	59406	1
p01	41	Response	2	16185264	64466	1
p01	41	Response	1	16192214	71416	1
p01	41	Response	2	16198624	77826	1
p01	41	Pulse	30	16199014	78216	0
p01	41	Response	1	16204543	83746	1
p01	41	Response	2	16210504	89706	1
p01	41	Response	2	16216093	95296	1
p01	41	Pulse	30	16219013	98216	0
p01	41	Response	2	16222983	102186	1
p01	41	Response	1	16229043	108246	1
p01	41	Response	2	16234743	113946	1
p01	41	Pulse	30	16239013	118216	0
p01	41	Response	2	16241273	120476	1
p01	41	Response	2	16245163	124366	1
p01	41	Pulse	30	16259013	138216	0
p01	42	Picture	RestCondition	16270909	0	1	200094	1	0	next	other	0
p01	42	Pulse	30	16279013	8103	0
p01	42	Pulse	30	16299013	28103	0
p01	42	Pulse	30	16319012	48103	0
p01	42	Pulse	30	16339012	68103	0
p01	42	Pulse	30	16359012	88103	0
p01	42	Pulse	30	16379012	108102	0
p01	42	Pulse	30	16399011	128102	0
p01	42	Pulse	30	16419011	148102	0
p01	42	Pulse	30	16439011	168102	0
p01	42	Pulse	30	16459011	188101	0
p01	43	Picture	firstAboveTresholdTD_B	16473669	0	1	300057	1	0	next	other	0
p01	43	Pulse	30	16479010	5342	0
p01	43	Pulse	30	16499010	25341	0
p01	43	Pulse	30	16519010	45341	0
p01	43	Pulse	30	16539010	65341	0
p01	43	Pulse	30	16559010	85341	0
p01	43	Pulse	30	16579009	105341	0
p01	43	Pulse	30	16599009	125340	0
p01	43	Pulse	30	16619009	145340	0
p01	43	Pulse	30	16639009	165340	0
p01	43	Pulse	30	16659008	185340	0
p01	43	Response	1	16665958	192289	1
p01	43	Pulse	30	16679008	205339	0
p01	43	Pulse	30	16699008	225339	0
p01	43	Pulse	30	16719008	245339	0
p01	43	Pulse	30	16739008	265339	0
p01	43	Pulse	30	16759007	285338	0
p01	44	Picture	LastResponseCondition	16773726	0	1	20159	1	0	next	other	0
p01	44	Pulse	30	16779007	5281	0
p01	45	Picture	D2_10	16793885	0	1	150112	1	0	150000	other	0
p01	45	Pulse	30	16799007	5121	0
p01	45	Response	2	16806936	13051	1
p01	45	Response	2	16811486	17601	1
p01	45	Response	2	16815876	21991	1
p01	45	Pulse	30	16819006	25121	0
p01	45	Response	2	16820726	26841	1
p01	45	Response	2	16825926	32041	1
p01	45	Response	2	16833496	39610	1
p01	45	Response	2	16838866	44980	1
p01	45	Pulse	30	16839006	45120	0
p01	45	Response	2	16844806	50920	1
p01	45	Response	2	16850316	56430	1
p01	45	Response	2	16855726	61840	1
p01	45	Pulse	30	16859006	65120	0
p01	45	Response	1	16864225	70340	1
p01	45	Response	2	16872146	78260	1
p01	45	Response	1	16877915	84030	1
p01	45	Pulse	30	16879006	85120	0
p01	45	Response	2	16889095	95210	1
p01	45	Response	2	16894905	101020	1
p01	45	Pulse	30	16899005	105120	0
p01	45	Response	2	16900855	106970	1
p01	45	Response	2	16906185	112300	1
p01	45	Response	2	16913325	119440	1
p01	45	Response	2	16917815	123929	1
p01	45	Pulse	30	16919005	125119	0
p01	45	Response	2	16922505	128620	1
p01	45	Pulse	30	16939005	145119	0
p01	46	Picture	RestCondition	16943997	0	1	200094	1	0	next	other	0
p01	46	Pulse	30	16959005	15007	0
p01	46	Pulse	30	16979004	35007	0
p01	46	Pulse	30	16999004	55007	0
p01	46	Pulse	30	17019004	75006	0
p01	46	Pulse	30	17039004	95006	0
p01	46	Pulse	30	17059003	115006	0
p01	46	Pulse	30	17079003	135006	0
p01	46	Pulse	30	17099003	155005	0
p01	46	Pulse	30	17119003	175006	0
p01	46	Pulse	30	17139003	195006	0
p01	47	Picture	CountVowels	17146757	0	1	300057	1	0	next	other	0
p01	47	Pulse	30	17159003	12246	0
p01	47	Pulse	30	17179002	32245	0
p01	47	Pulse	30	17199002	52245	0
p01	47	Pulse	30	17219002	72245	0
p01	47	Pulse	30	17239001	92245	0
p01	47	Pulse	30	17259001	112244	0
p01	47	Pulse	30	17279001	132244	0
p01	47	Pulse	30	17299001	152244	0
p01	47	Pulse	30	17319000	172243	0
p01	47	Response	1	17320550	173793	1
p01	47	Pulse	30	17339000	192243	0
p01	47	Pulse	30	17359000	212243	0
p01	47	Pulse	30	17379000	232243	0
p01	47	Pulse	30	17398999	252242	0
p01	47	Pulse	30	17418999	272242	0
p01	47	Pulse	30	17438999	292242	0
p01	48	Picture	LastResponseCondition	17446814	0	1	20159	1	0	next	other	0
p01	48	Pulse	30	17458998	12184	0
p01	49	Picture	D2_11	17466973	0	1	150112	1	0	150000	other	0
p01	49	Response	2	17478228	11255	1
p01	49	Pulse	30	17478998	12025	0
p01	49	Response	2	17484018	17045	1
p01	49	Response	2	17488878	21905	1
p01	49	Response	2	17493488	26514	1
p01	49	Response	2	17498268	31294	1
p01	49	Pulse	30	17498998	32024	0
p01	49	Response	1	17507008	40034	1
p01	49	Response	2	17513578	46604	1
p01	49	Pulse	30	17518998	52024	0
p01	49	Response	1	17519048	52074	1
p01	49	Response	2	17524238	57264	1
p01	49	Response	2	17533728	66754	1
p01	49	Pulse	30	17538997	72024	0
p01	49	Response	1	17540918	73944	1
p01	49	Response	1	17547857	80884	1
p01	49	Response	2	17554387	87414	1
p01	49	Pulse	30	17558997	92024	0
p01	49	Response	1	17561567	94594	1
p01	49	Response	2	17566697	99724	1
p01	49	Response	2	17573417	106444	1
p01	49	Response	1	17578317	111344	1
p01	49	Pulse	30	17578997	112024	0
p01	49	Response	2	17585337	118363	1
p01	49	Response	1	17595807	128833	1
p01	49	Pulse	30	17598997	132023	0
p01	49	Response	2	17600127	133153	1
p01	50	Picture	RestCondition	17617086	0	1	200094	1	0	next	other	0
p01	50	Pulse	30	17618997	1911	0
p01	50	Pulse	30	17638996	21911	0
p01	50	Pulse	30	17658996	41911	0
p01	50	Pulse	30	17678996	61911	0
p01	50	Pulse	30	17698996	81910	0
p01	50	Pulse	30	17718995	101910	0
p01	50	Pulse	30	17738995	121910	0
p01	50	Pulse	30	17758995	141910	0
p01	50	Pulse	30	17778995	161909	0
p01	50	Pulse	30	17798995	181909	0
p01	50	Pulse	30	17818942	201856	53
p01	51	Picture	arrayAverageTD_N	17820178	0	1	300057	1	0	next	other	0
p01	51	Pulse	30	17838994	18816	0
p01	51	Pulse	30	17858994	38816	0
p01	51	Pulse	30	17878994	58815	0
p01	51	Pulse	30	17898993	78815	0
p01	51	Pulse	30	17918993	98815	0
p01	51	Pulse	30	17938993	118815	0
p01	51	Pulse	30	17958992	138814	0
p01	51	Pulse	30	17978992	158814	0
p01	51	Pulse	30	17998992	178814	0
p01	51	Pulse	30	18018992	198814	0
p01	51	Pulse	30	18038992	218814	0
p01	51	Pulse	30	18058991	238813	0
p01	51	Pulse	30	18078991	258813	0
p01	51	Pulse	30	18098991	278813	0
p01	51	Pulse	30	18118991	298813	0
p01	52	Picture	LastResponseCondition	18120235	0	1	20159	1	0	next	other	0
p01	52	Response	1	18137700	17465	1
p01	52	Pulse	30	18138990	18755	0
p01	53	Picture	D2_12	18140395	0	1	150112	1	0	150000	other	0
p01	53	Response	2	18158830	18436	1
p01	53	Pulse	30	18158990	18595	0
p01	53	Response	2	18163270	22875	1
p01	53	Response	2	18168080	27685	1
p01	53	Response	2	18172860	32465	1
p01	53	Pulse	30	18178990	38595	0
p01	53	Response	2	18179060	38665	1
p01	53	Response	2	18186020	45625	1
p01	53	Response	2	18190350	49955	1
p01	53	Response	2	18195040	54645	1
p01	53	Pulse	30	18198989	58595	0
p01	53	Response	2	18200329	59935	1
p01	53	Response	2	18206579	66185	1
p01	53	Response	2	18212069	71675	1
p01	53	Response	2	18216119	75724	1
p01	53	Pulse	30	18218989	78594	0
p01	53	Response	2	18221379	80984	1
p01	53	Response	1	18227709	87314	1
p01	53	Response	2	18232049	91654	1
p01	53	Response	2	18238359	97964	1
p01	53	Pulse	30	18238989	98594	0
p01	53	Response	2	18244289	103894	1
p01	53	Response	2	18251079	110684	1
p01	53	Response	2	18257829	117434	1
p01	53	Pulse	30	18258989	118594	0
p01	53	Response	2	18262289	121894	1
p01	53	Pulse	30	18278989	138594	0
p01	54	Picture	RestCondition	18290507	0	1	200094	1	0	next	other	0
p01	54	Pulse	30	18298989	8482	0
p01	54	Pulse	30	18318988	28482	0
p01	54	Pulse	30	18338989	48482	0
p01	54	Pulse	30	18358988	68481	0
p01	54	Pulse	30	18378988	88481	0
p01	54	Pulse	30	18398987	108480	0
p01	54	Pulse	30	18418987	128480	0
p01	54	Pulse	30	18438987	148480	0
p01	54	Pulse	30	18458987	168480	0
p01	54	Pulse	30	18478986	188480	0
p01	55	Picture	sumUpTD_U.	18493766	0	1	300057	1	0	next	other	0
p01	55	Pulse	30	18498986	5220	0
p01	55	Pulse	30	18518986	25220	0
p01	55	Pulse	30	18538986	45220	0
p01	55	Pulse	30	18558985	65219	0
p01	55	Response	1	18571075	77309	1
p01	55	Pulse	30	18578985	85219	0
p01	55	Pulse	30	18598985	105219	0
p01	55	Pulse	30	18618985	125219	0
p01	55	Pulse	30	18638985	145219	0
p01	55	Pulse	30	18658984	165218	0
p01	55	Pulse	30	18678984	185218	0
p01	55	Pulse	30	18698984	205218	0
p01	55	Pulse	30	18718983	225217	0
p01	55	Pulse	30	18738983	245217	0
p01	55	Pulse	30	18758983	265217	0
p01	55	Pulse	30	18778983	285217	0
p01	56	Picture	LastResponseCondition	18793823	0	1	20159	1	0	next	other	0
p01	56	Pulse	30	18798983	5159	0
p01	57	Picture	D2_13	18813983	0	1	150112	1	0	150000	other	0
p01	57	Pulse	30	18818982	4999	0
p01	57	Response	1	18828152	14169	1
p01	57	Response	2	18834432	20449	1
p01	57	Pulse	30	18838982	24999	0
p01	57	Response	2	18839232	25249	1
p01	57	Response	2	18843722	29739	1
p01	57	Response	2	18847902	33919	1
p01	57	Response	2	18856902	42919	1
p01	57	Pulse	30	18858981	44999	0
p01	57	Response	2	18866271	52289	1
p01	57	Response	2	18873991	60009	1
p01	57	Response	2	18878001	64019	1
p01	57	Pulse	30	18878981	64999	0
p01	57	Response	2	18882311	68329	1
p01	57	Response	2	18888961	74978	1
p01	57	Response	2	18893581	79599	1
p01	57	Pulse	30	18898981	84998	0
p01	57	Response	2	18899111	85128	1
p01	57	Response	2	18904391	90408	1
p01	57	Response	1	18909081	95098	1
p01	57	Response	2	18917971	103988	1
p01	57	Pulse	30	18918981	104998	0
p01	57	Response	2	18923701	109718	1
p01	57	Response	1	18929251	115268	1
p01	57	Response	2	18937491	123508	1
p01	57	Pulse	30	18938980	124998	0
p01	57	Response	2	18943730	129748	1
p01	57	Pulse	30	18958981	144998	0
p01	58	Picture	RestCondition	18964095	0	1	200094	1	0	next	other	0
p01	58	Pulse	30	18978981	14886	0
p01	58	Pulse	30	18998980	34886	0
p01	58	Pulse	30	19018980	54885	0
p01	58	Pulse	30	19038980	74885	0
p01	58	Pulse	30	19058979	94885	0
p01	58	Pulse	30	19078979	114884	0
p01	58	Pulse	30	19098979	134884	0
p01	58	Pulse	30	19118979	154884	0
p01	58	Pulse	30	19138978	174884	0
p01	58	Pulse	30	19158978	194884	0
p01	59	Picture	GetMiddleNumberSY	19166854	0	1	300057	1	0	next	other	0
p01	59	Pulse	30	19178978	12124	0
p01	59	Pulse	30	19198978	32124	0
p01	59	Response	1	19207968	41114	1
p01	59	Pulse	30	19218978	52124	0
p01	59	Pulse	30	19238977	72123	0
p01	59	Response	1	19253007	86153	1
p01	59	Pulse	30	19258977	92123	0
p01	59	Pulse	30	19278977	112123	0
p01	59	Pulse	30	19298976	132122	0
p01	59	Pulse	30	19318976	152122	0
p01	59	Response	1	19333186	166332	1
p01	59	Pulse	30	19338976	172122	0
p01	59	Pulse	30	19358976	192122	0
p01	59	Pulse	30	19378976	212122	0
p01	59	Pulse	30	19398975	232121	0
p01	59	Pulse	30	19418975	252121	0
p01	59	Pulse	30	19438975	272121	0
p01	59	Pulse	30	19458974	292120	0
p01	60	Picture	LastResponseCondition	19466911	0	1	20159	1	0	next	other	0
p01	60	Pulse	30	19478974	12063	0
p01	61	Picture	D2_14	19487071	0	1	150112	1	0	150000	other	0
p01	61	Pulse	30	19498974	11903	0
p01	61	Response	2	19500833	13763	1
p01	61	Response	2	19505634	18563	1
p01	61	Response	2	19510784	23713	1
p01	61	Response	2	19516064	28993	1
p01	61	Pulse	30	19518973	31903	0
p01	61	Response	1	19522254	35183	1
p01	61	Response	2	19530073	43003	1
p01	61	Response	2	19536153	49083	1
p01	61	Pulse	30	19538973	51903	0
p01	61	Response	1	19541563	54492	1
p01	61	Response	2	19546783	59713	1
p01	61	Response	2	19552053	64982	1
p01	61	Pulse	30	19558973	71903	0
p01	61	Response	2	19559123	72053	1
p01	61	Response	1	19564023	76952	1
p01	61	Response	2	19569943	82872	1
p01	61	Response	2	19577643	90572	1
p01	61	Pulse	30	19578973	91902	0
p01	61	Response	2	19582153	95082	1
p01	61	Response	2	19588213	101142	1
p01	61	Response	2	19593233	106162	1
p01	61	Pulse	30	19598973	111902	0
p01	61	Response	2	19599062	111992	1
p01	61	Response	2	19605822	118752	1
p01	61	Response	2	19610622	123552	1
p01	61	Pulse	30	19618972	131902	0
p01	62	Picture	RestCondition	19637349	0	1	200094	1	0	next	other	0
p01	62	Pulse	30	19638972	1623	0
p01	62	Pulse	30	19658972	21623	0
p01	62	Pulse	30	19678972	41622	0
p01	62	Pulse	30	19698971	61622	0
p01	62	Pulse	30	19718971	81622	0
p01	62	Pulse	30	19738971	101622	0
p01	62	Pulse	30	19758971	121622	0
p01	62	Pulse	30	19778971	141621	0
p01	62	Pulse	30	19798970	161621	1
p01	62	Pulse	30	19818970	181621	0
p01	62	Pulse	30	19838583	201234	387
p01	63	Picture	containsSubstringTD_B	19840109	0	1	300057	2	0	next	other	0
p01	63	Pulse	30	19858970	18861	0
p01	63	Pulse	30	19878969	38861	0
p01	63	Pulse	30	19898969	58860	0
p01	63	Pulse	30	19918969	78860	0
p01	63	Pulse	30	19938969	98860	0
p01	63	Pulse	30	19958968	118860	0
p01	63	Pulse	30	19978968	138859	0
p01	63	Pulse	30	19998968	158859	0
p01	63	Pulse	30	20018968	178859	0
p01	63	Pulse	30	20038967	198859	0
p01	63	Pulse	30	20058967	218859	0
p01	63	Pulse	30	20078967	238858	0
p01	63	Response	1	20098457	258348	1
p01	63	Pulse	30	20098966	258858	0
p01	63	Pulse	30	20118967	278858	0
p01	63	Pulse	30	20138966	298858	0
p01	64	Picture	LastResponseCondition	20140166	0	2	20160	2	0	next	other	0
p01	64	Pulse	30	20158966	18800	0
p01	65	Picture	D2_15	20160325	0	1	150112	1	0	150000	other	0
p01	65	Response	1	20173506	13181	1
p01	65	Pulse	30	20178966	18640	0
p01	65	Response	1	20179746	19420	1
p01	65	Response	2	20185496	25170	1
p01	65	Response	2	20190755	30430	1
p01	65	Response	2	20194395	34070	1
p01	65	Pulse	30	20198965	38640	0
p01	65	Response	2	20200915	40590	1
p01	65	Response	1	20207125	46800	1
p01	65	Response	2	20211845	51520	1
p01	65	Response	2	20215835	55510	1
p01	65	Pulse	30	20218966	58640	0
p01	65	Response	2	20221365	61040	1
p01	65	Response	2	20226935	66610	1
p01	65	Response	2	20231705	71379	1
p01	65	Response	2	20238615	78290	1
p01	65	Pulse	30	20238965	78639	0
p01	65	Response	1	20248085	87759	1
p01	65	Response	2	20258425	98099	1
p01	65	Pulse	30	20258964	98639	0
p01	65	Response	2	20266134	105809	1
p01	65	Response	2	20271394	111069	1
p01	65	Response	2	20274674	114349	1
p01	65	Pulse	30	20278964	118639	0
p01	65	Response	2	20282124	121799	1
p01	65	Response	2	20285834	125509	1
p01	65	Pulse	30	20298965	138639	0
p01	66	Picture	RestCondition	20310437	0	1	200094	1	0	next	other	0
p01	66	Pulse	30	20318964	8527	0
p01	66	Pulse	30	20338964	28526	0
p01	66	Pulse	30	20358964	48526	0
p01	66	Pulse	30	20378963	68526	0
p01	66	Pulse	30	20398963	88526	0
p01	66	Pulse	30	20418963	108526	0
p01	66	Pulse	30	20438963	128525	0
p01	66	Pulse	30	20458962	148525	0
p01	66	Pulse	30	20478962	168525	0
p01	66	Pulse	30	20498962	188525	0
p01	67	Picture	Maximum	20513197	0	1	300057	1	0	next	other	0
p01	67	Pulse	30	20518962	5765	0
p01	67	Pulse	30	20538961	25765	0
p01	67	Pulse	30	20558961	45764	0
p01	67	Pulse	30	20578961	65764	0
p01	67	Pulse	30	20598961	85764	0
p01	67	Pulse	30	20618960	105764	0
p01	67	Pulse	30	20638960	125763	0
p01	67	Pulse	30	20658960	145763	0
p01	67	Response	1	20659040	145843	1
p01	67	Pulse	30	20678960	165763	0
p01	67	Pulse	30	20698960	185763	0
p01	67	Pulse	30	20718960	205763	0
p01	67	Pulse	30	20738959	225762	0
p01	67	Pulse	30	20758959	245762	0
p01	67	Pulse	30	20778959	265762	0
p01	67	Pulse	30	20798958	285762	0
p01	68	Picture	LastResponseCondition	20813254	0	1	20159	1	0	next	other	0
p01	68	Pulse	30	20818948	5694	0
p01	69	Picture	D2_16	20833413	0	1	150112	1	0	150000	other	0
p01	69	Pulse	30	20838948	5534	0
p01	69	Response	1	20845738	12324	1
p01	69	Response	2	20852687	19274	1
p01	69	Response	2	20857037	23624	1
p01	69	Pulse	30	20858947	25534	0
p01	69	Response	2	20861087	27674	1
p01	69	Response	2	20865698	32284	1
p01	69	Response	2	20876727	43314	1
p01	69	Pulse	30	20878947	45533	0
p01	69	Response	2	20880957	47544	1
p01	69	Response	1	20886917	53504	1
p01	69	Response	2	20892077	58664	1
p01	69	Response	2	20898147	64734	1
p01	69	Pulse	30	20898947	65534	0
p01	69	Response	2	20907127	73713	1
p01	69	Response	2	20912107	78693	1
p01	69	Response	2	20916007	82593	1
p01	69	Pulse	30	20918947	85533	0
p01	69	Response	2	20921017	87603	1
p01	69	Response	2	20926866	93453	1
p01	69	Response	2	20932947	99533	1
p01	69	Response	2	20937086	103673	1
p01	69	Pulse	30	20938946	105533	0
p01	69	Response	2	20941636	108223	1
p01	69	Response	2	20945336	111923	1
p01	69	Response	2	20951216	117803	1
p01	69	Pulse	30	20958946	125533	0
p01	69	Pulse	30	20978946	145533	0
p01	70	Picture	RestCondition	20983525	0	1	200094	1	0	next	other	0
p01	70	Pulse	30	20998946	15420	0
p01	70	Pulse	30	21018946	35421	0
p01	70	Pulse	30	21038945	55420	0
p01	70	Pulse	30	21058945	75420	0
p01	70	Pulse	30	21078945	95420	0
p01	70	Pulse	30	21098945	115419	0
p01	70	Pulse	30	21118945	135419	0
p01	70	Pulse	30	21138944	155419	0
p01	70	Pulse	30	21158944	175419	0
p01	70	Pulse	30	21178944	195418	0
p01	71	Picture	powerTD_N	21186285	0	1	300057	1	0	next	other	0
p01	71	Pulse	30	21198944	12659	0
p01	71	Pulse	30	21218943	32658	0
p01	71	Pulse	30	21238943	52658	0
p01	71	Pulse	30	21258943	72658	0
p01	71	Pulse	30	21278943	92658	0
p01	71	Pulse	30	21298942	112657	0
p01	71	Pulse	30	21318942	132657	0
p01	71	Pulse	30	21338942	152657	0
p01	71	Pulse	30	21358942	172657	0
p01	71	Pulse	30	21378941	192657	0
p01	71	Pulse	30	21398941	212656	0
p01	71	Pulse	30	21418941	232656	0
p01	71	Pulse	30	21438941	252656	0
p01	71	Pulse	30	21458940	272656	0
p01	71	Pulse	30	21478940	292655	0
p01	72	Picture	LastResponseCondition	21486342	0	1	20159	1	0	next	other	0
p01	72	Response	2	21490210	3868	1
p01	72	Pulse	30	21498940	12598	0
p01	73	Picture	D2_17	21506501	0	1	150112	1	0	150000	other	0
p01	73	Pulse	30	21518940	12438	0
p01	73	Response	2	21527619	21118	1
p01	73	Response	2	21531589	25088	1
p01	73	Response	1	21536719	30218	1
p01	73	Pulse	30	21538939	32438	0
p01	73	Response	1	21543589	37088	1
p01	73	Response	2	21548949	42448	1
p01	73	Response	2	21558329	51828	1
p01	73	Pulse	30	21558939	52437	0
p01	73	Response	2	21563149	56647	1
p01	73	Response	2	21568489	61987	1
p01	73	Response	2	21574549	68047	1
p01	73	Pulse	30	21578939	72437	0
p01	73	Response	1	21581329	74827	1
p01	73	Response	2	21587949	81447	1
p01	73	Response	1	21597478	90977	1
p01	73	Pulse	30	21598938	92437	0
p01	73	Response	2	21606788	100287	1
p01	73	Response	2	21612328	105827	1
p01	73	Response	2	21617308	110807	1
p01	73	Pulse	30	21618938	112437	0
p01	73	Response	2	21622688	116187	1
p01	73	Response	2	21627758	121257	1
p01	73	Response	2	21635108	128607	1
p01	73	Pulse	30	21638938	132436	0
p01	73	Response	2	21639778	133276	1
p01	73	Response	2	21644178	137676	1
p01	74	Picture	RestCondition	21656613	0	1	200094	1	0	next	other	0
p01	74	Pulse	30	21658937	2324	0
p01	74	Pulse	30	21678938	22324	0
p01	74	Pulse	30	21698937	42324	0
p01	74	Pulse	30	21718937	62324	0
p01	74	Pulse	30	21738937	82324	0
p01	74	Pulse	30	21758937	102323	0
p01	74	Pulse	30	21778936	122323	0
p01	74	Pulse	30	21798936	142323	0
p01	74	Pulse	30	21818936	162322	0
p01	74	Pulse	30	21838936	182322	0
p01	74	Pulse	30	21858936	202322	0
p01	75	Picture	isPalindromeTD_U	21859373	0	1	300057	1	0	next	other	0
p01	75	Pulse	30	21878935	19562	0
p01	75	Pulse	30	21898935	39562	0
p01	75	Pulse	30	21918935	59562	0
p01	75	Pulse	30	21938935	79562	0
p01	75	Pulse	30	21958934	99561	0
p01	75	Pulse	30	21978934	119561	0
p01	75	Pulse	30	21998934	139561	0
p01	75	Pulse	30	22018934	159561	0
p01	75	Pulse	30	22038933	179560	0
p01	75	Pulse	30	22058933	199560	0
p01	75	Pulse	30	22078933	219560	0
p01	75	Response	1	22083783	224410	1
p01	75	Pulse	30	22098932	239560	0
p01	75	Pulse	30	22118932	259560	0
p01	75	Pulse	30	22138933	279560	0
p01	75	Pulse	30	22158932	299559	0
p01	76	Picture	LastResponseCondition	22159430	0	1	20159	1	0	next	other	0
p01	76	Pulse	30	22178932	19502	0
p01	77	Picture	D2_18	22179589	0	1	150112	1	0	150000	other	0
p01	77	Response	2	22191171	11582	1
p01	77	Response	2	22196381	16792	1
p01	77	Pulse	30	22198931	19342	0
p01	77	Response	1	22202131	22542	1
p01	77	Response	2	22211071	31482	1
p01	77	Response	2	22216501	36912	1
p01	77	Pulse	30	22218931	39341	0
p01	77	Response	2	22223071	43481	1
p01	77	Response	2	22228581	48991	1
p01	77	Response	2	22234871	55281	1
p01	77	Pulse	30	22238931	59341	0
p01	77	Response	2	22241101	61511	1
p01	77	Response	2	22247951	68361	1
p01	77	Response	2	22254990	75401	1
p01	77	Pulse	30	22258931	79341	0
p01	77	Response	2	22260650	81061	1
p01	77	Response	2	22265600	86011	1
p01	77	Response	2	22272900	93311	1
p01	77	Response	2	22277380	97791	1
p01	77	Pulse	30	22278930	99341	0
p01	77	Response	2	22284680	105091	1
p01	77	Response	2	22290820	111231	1
p01	77	Response	2	22295340	115751	1
p01	77	Pulse	30	22298930	119340	0
p01	77	Response	2	22301310	121721	1
p01	77	Response	2	22303280	123690	1
p01	77	Pulse	30	22318930	139340	0
p01	78	Picture	RestCondition	22329702	0	1	200094	1	0	next	other	0
p01	78	Pulse	30	22338930	9228	0
p01	78	Pulse	30	22358930	29228	1
p01	78	Pulse	30	22378929	49228	0
p01	78	Pulse	30	22398929	69228	0
p01	78	Pulse	30	22418929	89227	0
p01	78	Pulse	30	22438928	109227	0
p01	78	Pulse	30	22458928	129227	0
p01	78	Pulse	30	22478928	149227	0
p01	78	Pulse	30	22498928	169226	0
p01	78	Pulse	30	22518928	189226	0
p01	79	Picture	doubleArraySY	22532461	0	1	300057	1	0	next	other	0
p01	79	Pulse	30	22538927	6466	0
p01	79	Pulse	30	22558927	26466	0
p01	79	Pulse	30	22578927	46466	0
p01	79	Pulse	30	22598927	66466	0
p01	79	Pulse	30	22618926	86465	0
p01	79	Pulse	30	22638926	106465	0
p01	79	Response	1	22640736	108275	1
p01	79	Pulse	30	22658926	126466	0
p01	79	Pulse	30	22678926	146465	0
p01	79	Pulse	30	22698925	166464	0
p01	79	Pulse	30	22718925	186464	0
p01	79	Pulse	30	22738925	206464	0
p01	79	Pulse	30	22758925	226464	0
p01	79	Response	1	22763864	231404	1
p01	79	Pulse	30	22778924	246463	0
p01	79	Pulse	30	22798924	266463	0
p01	79	Pulse	30	22818924	286463	0
p01	80	Picture	LastResponseCondition	22832518	0	1	20159	1	0	next	other	0
p01	80	Pulse	30	22838924	6405	0
p01	81	Picture	D2_19	22852678	0	1	150112	1	0	150000	other	0
p01	81	Pulse	30	22858924	6246	0
p01	81	Response	1	22864073	11396	1
p01	81	Response	2	22872234	19556	1
p01	81	Response	2	22876793	24115	1
p01	81	Pulse	30	22878923	26246	0
p01	81	Response	1	22882523	29846	1
p01	81	Response	2	22888383	35705	1
p01	81	Response	2	22894413	41735	1
p01	81	Pulse	30	22898923	46245	0
p01	81	Response	1	22900073	47395	1
p01	81	Response	2	22909083	56405	1
p01	81	Response	2	22913612	60935	1
p01	81	Response	2	22917623	64945	1
p01	81	Pulse	30	22918922	66245	0
p01	81	Response	2	22923112	70435	1
p01	81	Response	2	22928932	76255	1
p01	81	Response	1	22934682	82005	1
p01	81	Pulse	30	22938922	86245	0
p01	81	Response	2	22940982	88305	1
p01	81	Response	2	22945862	93184	1
p01	81	Response	2	22952812	100135	1
p01	81	Response	2	22957662	104984	1
p01	81	Pulse	30	22958922	106244	0
p01	81	Response	2	22962222	109544	1
p01	81	Response	2	22968042	115365	1
p01	81	Response	2	22971862	119184	1
p01	81	Pulse	30	22978922	126244	0
p01	81	Pulse	30	22998922	146244	0
p01	82	Picture	RestCondition	23002790	0	1	200094	1	0	next	other	0
p01	82	Pulse	30	23018922	16132	0
p01	82	Pulse	30	23038921	36132	0
p01	82	Pulse	30	23058921	56132	0
p01	82	Pulse	30	23078921	76131	0
p01	82	Pulse	30	23098921	96131	0
p01	82	Pulse	30	23118920	116131	0
p01	82	Pulse	30	23138920	136130	0
p01	82	Pulse	30	23158920	156130	0
p01	82	Pulse	30	23178920	176130	0
p01	82	Pulse	30	23198920	196130	0
p01	83	Picture	countSameCharsAtSamePositionTD_B	23205549	0	1	300057	1	0	next	other	0
p01	83	Pulse	30	23218919	13370	0
p01	83	Pulse	30	23238919	33370	0
p01	83	Pulse	30	23258919	53370	0
p01	83	Pulse	30	23278918	73369	0
p01	83	Pulse	30	23298918	93369	0
p01	83	Pulse	30	23318918	113369	0
p01	83	Pulse	30	23338918	133369	0
p01	83	Pulse	30	23358917	153368	0
p01	83	Pulse	30	23378917	173368	0
p01	83	Pulse	30	23398917	193368	0
p01	83	Pulse	30	23418917	213368	0
p01	83	Pulse	30	23438916	233367	0
p01	83	Response	1	23454656	249107	1
p01	83	Pulse	30	23458916	253367	0
p01	83	Pulse	30	23478917	273368	0
p01	83	Pulse	30	23498916	293367	0
p01	84	Picture	LastResponseCondition	23505606	0	1	20159	1	0	next	other	0
p01	84	Pulse	30	23518915	13309	0
p01	85	Picture	D2_20	23525766	0	1	150112	1	0	150000	other	0
p01	85	Response	2	23537025	11260	1
p01	85	Pulse	30	23538915	13149	0
p01	85	Response	2	23542155	16389	1
p01	85	Response	2	23546745	20979	1
p01	85	Response	2	23552815	27049	1
p01	85	Response	2	23556885	31120	1
p01	85	Pulse	30	23558915	33149	0
p01	85	Response	2	23563795	38029	1
p01	85	Response	2	23567515	41749	1
p01	85	Response	1	23574675	48909	1
p01	85	Pulse	30	23578915	53149	0
p01	85	Response	2	23579594	53829	1
p01	85	Response	2	23584484	58719	1
p01	85	Response	2	23591194	65429	1
p01	85	Response	2	23595304	69539	1
p01	85	Pulse	30	23598914	73149	0
p01	85	Response	2	23599524	73759	1
p01	85	Response	2	23603914	78149	1
p01	85	Response	1	23614324	88559	1
p01	85	Pulse	30	23618914	93148	0
p01	85	Response	2	23624624	98858	1
p01	85	Response	1	23632754	106988	1
p01	85	Response	2	23638414	112648	1
p01	85	Pulse	30	23638914	113148	0
p01	85	Response	2	23644664	118898	1
p01	85	Response	2	23649414	123648	1
p01	85	Pulse	30	23658914	133148	0
p01	86	Picture	RestCondition	23675878	0	1	200094	1	0	next	other	0
p01	86	Pulse	30	23678914	3036	0
p01	86	Pulse	30	23698913	23036	0
p01	86	Pulse	30	23718913	43036	0
p01	86	Pulse	30	23738913	63035	0
p01	86	Pulse	30	23758913	83035	0
p01	86	Pulse	30	23778912	103035	0
p01	86	Pulse	30	23798912	123035	0
p01	86	Pulse	30	23818912	143034	0
p01	86	Pulse	30	23838912	163034	0
p01	86	Pulse	30	23858912	183034	0
p01	87	Picture	IntertwineTwoWords	23878637	0	1	300057	1	0	next	other	0
p01	87	Pulse	30	23878911	274	0
p01	87	Pulse	30	23898911	20274	0
p01	87	Pulse	30	23918911	40274	0
p01	87	Pulse	30	23938911	60273	0
p01	87	Pulse	30	23958910	80273	0
p01	87	Pulse	30	23978910	100273	0
p01	87	Pulse	30	23998910	120273	0
p01	87	Pulse	30	24018909	140272	0
p01	87	Pulse	30	24038909	160272	0
p01	87	Pulse	30	24058909	180272	0
p01	87	Response	1	24059209	180572	1
p01	87	Pulse	30	24078909	200272	0
p01	87	Pulse	30	24098908	220271	0
p01	87	Pulse	30	24118908	240271	0
p01	87	Pulse	30	24138908	260271	0
p01	87	Pulse	30	24158908	280271	0
p01	88	Picture	LastResponseCondition	24178694	0	1	20159	1	0	next	other	0
p01	88	Pulse	30	24178908	213	0
p01	89	Picture	D2_21	24198854	0	1	150112	1	0	150000	other	0
p01	89	Pulse	30	24198907	54	0
p01	89	Response	2	24210007	11153	1
p01	89	Response	2	24214177	15323	1
p01	89	Response	2	24218807	19953	1
p01	89	Pulse	30	24218907	20053	0
p01	89	Response	2	24223257	24403	1
p01	89	Response	2	24227237	28383	1
p01	89	Response	2	24231867	33013	1
p01	89	Response	2	24236227	37373	1
p01	89	Pulse	30	24238907	40053	0
p01	89	Response	2	24240347	41493	1
p01	89	Response	2	24244896	46043	1
p01	89	Response	2	24249307	50453	1
p01	89	Response	2	24255356	56503	1
p01	89	Pulse	30	24258906	60053	0
p01	89	Response	2	24259646	60792	1
p01	89	Response	1	24265286	66432	1
p01	89	Response	2	24270586	71733	1
p01	89	Response	2	24275066	76212	1
p01	89	Pulse	30	24278906	80052	0
p01	89	Response	2	24293386	94532	1
p01	89	Response	1	24298856	100002	1
p01	89	Pulse	30	24298906	100052	0
p01	89	Response	1	24303396	104543	1
p01	89	Response	2	24308716	109862	1
p01	89	Response	2	24312766	113912	1
p01	89	Pulse	30	24318906	120052	0
p01	89	Pulse	30	24338906	140052	0
p01	90	Picture	RestCondition	24348966	0	1	200094	1	0	next	other	0
p01	90	Pulse	30	24358905	9940	0
p01	90	Pulse	30	24378905	29939	0
p01	90	Pulse	30	24398905	49939	0
p01	90	Pulse	30	24418905	69939	0
p01	90	Pulse	30	24438904	89939	0
p01	90	Pulse	30	24458904	109938	0
p01	90	Pulse	30	24478904	129938	0
p01	90	Pulse	30	24498904	149938	0
p01	90	Pulse	30	24518904	169938	0
p01	90	Pulse	30	24538903	189938	0
p01	91	Picture	firstAboveTresholdTD_N	24551725	0	1	300057	1	0	next	other	0
p01	91	Pulse	30	24558903	7178	0
p01	91	Pulse	30	24578903	27178	0
p01	91	Pulse	30	24598903	47177	1
p01	91	Pulse	30	24618902	67177	0
p01	91	Pulse	30	24638902	87177	0
p01	91	Pulse	30	24658902	107177	0
p01	91	Pulse	30	24678901	127176	0
p01	91	Pulse	30	24698901	147176	0
p01	91	Pulse	30	24718901	167176	0
p01	91	Response	1	24732961	181236	1
p01	91	Pulse	30	24738901	187175	0
p01	91	Pulse	30	24758901	207175	0
p01	91	Pulse	30	24778900	227175	0
p01	91	Pulse	30	24798900	247175	0
p01	91	Pulse	30	24818900	267175	0
p01	91	Pulse	30	24838900	287174	0
p01	92	Picture	LastResponseCondition	24851782	0	1	20159	1	0	next	other	0
p01	92	Pulse	30	24858899	7117	0
p01	93	Picture	D2_22	24871942	0	1	150112	1	0	150000	other	0
p01	93	Pulse	30	24878899	6957	0
p01	93	Response	2	24882679	10737	1
p01	93	Response	2	24887089	15147	1
p01	93	Response	1	24892309	20367	1
p01	93	Pulse	30	24898898	26957	0
p01	93	Response	2	24903019	31077	1
p01	93	Response	1	24911589	39647	1
p01	93	Pulse	30	24918898	46957	0
p01	93	Response	2	24923128	51187	1
p01	93	Response	2	24928938	56996	1
p01	93	Response	2	24933308	61366	1
p01	93	Pulse	30	24938898	66956	0
p01	93	Response	1	24939579	67637	1
p01	93	Response	2	24947268	75327	1
p01	93	Response	2	24953958	82016	1
p01	93	Pulse	30	24958898	86956	0
p01	93	Response	2	24960138	88196	1
p01	93	Response	1	24968258	96316	1
p01	93	Response	1	24975278	103336	1
p01	93	Pulse	30	24978898	106956	0
p01	93	Response	2	24981228	109286	1
p01	93	Response	2	24987638	115696	1
p01	93	Response	2	24991807	119866	1
p01	93	Response	1	24997488	125546	1
p01	93	Pulse	30	24998897	126956	0
p01	93	Response	2	25003107	131166	1
p01	93	Response	2	25008357	136416	1
p01	93	Pulse	30	25018897	146956	0
p01	94	Picture	RestCondition	25022054	0	1	200094	1	0	next	other	0
p01	94	Pulse	30	25038897	16843	0
p01	94	Pulse	30	25058897	36843	0
p01	94	Pulse	30	25078897	56843	0
p01	94	Pulse	30	25098896	76843	0
p01	94	Pulse	30	25118896	96842	0
p01	94	Pulse	30	25138896	116842	0
p01	94	Pulse	30	25158896	136842	0
p01	94	Pulse	30	25178895	156842	0
p01	94	Pulse	30	25198895	176841	0
p01	94	Pulse	30	25218895	196841	0
p01	95	Picture	squareRootsTD_U	25224813	0	1	300057	1	0	next	other	0
p01	95	Pulse	30	25238895	14082	0
p01	95	Pulse	30	25258895	34082	0
p01	95	Pulse	30	25278894	54081	0
p01	95	Pulse	30	25298894	74081	0
p01	95	Pulse	30	25318894	94081	0
p01	95	Pulse	30	25338894	114080	0
p01	95	Pulse	30	25358893	134080	0
p01	95	Pulse	30	25378893	154080	0
p01	95	Pulse	30	25398893	174080	0
p01	95	Response	1	25410613	185799	1
p01	95	Pulse	30	25418892	194079	0
p01	95	Pulse	30	25438892	214079	0
p01	95	Pulse	30	25458892	234079	0
p01	95	Pulse	30	25478892	254079	0
p01	95	Pulse	30	25498892	274079	0
p01	95	Pulse	30	25518891	294078	0
p01	96	Picture	LastResponseCondition	25524871	0	1	20159	1	0	next	other	0
p01	96	Pulse	30	25538891	14021	0
p01	97	Picture	D2_23	25545030	0	1	150112	1	0	150000	other	0
p01	97	Response	2	25557081	12051	1
p01	97	Pulse	30	25558891	13861	0
p01	97	Response	2	25570161	25131	1
p01	97	Response	2	25575490	30461	1
p01	97	Pulse	30	25578890	33861	0
p01	97	Response	2	25580150	35120	1
p01	97	Response	2	25584590	39561	1
p01	97	Response	2	25589760	44730	1
p01	97	Response	1	25596930	51901	1
p01	97	Pulse	30	25598890	53860	0
p01	97	Response	1	25602240	57211	1
p01	97	Response	2	25612070	67040	1
p01	97	Response	1	25617220	72190	1
p01	97	Pulse	30	25618890	73860	0
p01	97	Response	2	25625650	80620	1
p01	97	Response	2	25630890	85860	1
p01	97	Response	2	25637260	92230	1
p01	97	Pulse	30	25638890	93860	0
p01	97	Response	2	25645710	100680	1
p01	97	Response	2	25652060	107030	1
p01	97	Pulse	30	25658890	113860	0
p01	97	Response	2	25658940	113910	1
p01	97	Response	1	25665289	120260	1
p01	97	Response	2	25670769	125739	1
p01	97	Response	2	25676169	131139	1
p01	97	Pulse	30	25678889	133859	0
p01	97	Response	2	25681119	136089	1
p01	98	Picture	RestCondition	25695142	0	1	200094	1	0	next	other	0
p01	98	Pulse	30	25698889	3747	0
p01	98	Pulse	30	25718889	23747	0
p01	98	Pulse	30	25738889	43747	0
p01	98	Pulse	30	25758888	63747	1
p01	98	Pulse	30	25778888	83746	0
p01	98	Pulse	30	25798888	103746	0
p01	98	Pulse	30	25818888	123746	0
p01	98	Pulse	30	25838887	143746	0
p01	98	Pulse	30	25858887	163745	0
p01	98	Pulse	30	25878887	183745	0
p01	99	Picture	containsSubstringSY	25897901	0	1	300057	1	0	next	other	0
p01	99	Pulse	30	25898887	986	0
p01	99	Pulse	30	25918887	20986	1
p01	99	Response	1	25927577	29675	1
p01	99	Pulse	30	25938886	40985	0
p01	99	Response	1	25949296	51395	1
p01	99	Pulse	30	25958886	60985	0
p01	99	Pulse	30	25978886	80985	0
p01	99	Pulse	30	25998886	100984	0
p01	99	Pulse	30	26018886	120984	0
p01	99	Pulse	30	26038885	140984	0
p01	99	Response	1	26047835	149934	1
p01	99	Pulse	30	26058885	160984	0
p01	99	Pulse	30	26078885	180984	0
p01	99	Pulse	30	26098885	200983	0
p01	99	Pulse	30	26118884	220983	0
p01	99	Pulse	30	26138884	240983	0
p01	99	Pulse	30	26158884	260982	0
p01	99	Pulse	30	26178883	280982	0
p01	100	Picture	LastResponseCondition	26197959	0	1	20159	1	0	next	other	0
p01	100	Pulse	30	26198883	925	0
p01	101	Picture	D2_24	26218118	0	1	150112	1	0	150000	other	0
p01	101	Pulse	30	26218883	765	0
p01	101	Response	2	26228133	10015	1
p01	101	Response	2	26232633	14515	1
p01	101	Response	2	26237082	18964	1
p01	101	Pulse	30	26238883	20765	0
p01	101	Response	1	26245202	27084	1
p01	101	Response	2	26250392	32274	1
p01	101	Pulse	30	26258882	40765	0
p01	101	Response	1	26261362	43244	1
p01	101	Response	2	26268182	50064	1
p01	101	Response	2	26273132	55014	1
p01	101	Response	2	26278192	60074	1
p01	101	Pulse	30	26278882	60764	0
p01	101	Response	1	26286112	67994	1
p01	101	Response	2	26296002	77884	1
p01	101	Pulse	30	26298882	80764	0
p01	101	Response	2	26302912	84794	1
p01	101	Response	2	26308432	90314	1
p01	101	Response	2	26313791	95674	1
p01	101	Response	2	26318571	100454	1
p01	101	Pulse	30	26318881	100763	0
p01	101	Response	2	26324111	105993	1
p01	101	Response	2	26328512	110394	1
p01	101	Response	2	26333701	115583	1
p01	101	Pulse	30	26338881	120763	0
p01	101	Response	2	26340051	121933	1
p01	101	Response	2	26342631	124513	1
p01	101	Pulse	30	26358881	140763	0
p01	102	Picture	RestCondition	26368230	0	1	200094	1	0	next	other	0
p01	102	Pulse	30	26378881	10651	0
p01	102	Pulse	30	26398880	30650	0
p01	102	Pulse	30	26418881	50651	0
p01	102	Pulse	30	26438880	70650	0
p01	102	Pulse	30	26458880	90650	0
p01	102	Pulse	30	26478880	110650	0
p01	103	Picture	THE END	26569490	0	1	2872611	1	0	next	other	0
